+ '[' -z '' ']'
+ case "$-" in
+ __lmod_vx=x
+ '[' -n x ']'
+ set +x
Shell debugging temporarily silenced: export LMOD_SH_DBG_ON=1 for this output (/uufs/chpc.utah.edu/sys/installdir/lmod/8.6-r8/init/bash)
Shell debugging restarted
+ unset __lmod_vx
+ export OUTFILE=trmm_static.grn056.433680.log
+ OUTFILE=trmm_static.grn056.433680.log
+ tee -a trmm_static.grn056.433680.log
+ echo '*** Assigned Granite Node: ' grn056
*** Assigned Granite Node:  grn056
+ echo ' '
+ tee -a trmm_static.grn056.433680.log
 
+ echo 'Compiling and executing trmm_par_i_s_default'
+ tee -a trmm_static.grn056.433680.log
Compiling and executing trmm_par_i_s_default
+ cc -O3 -fopenmp -o trmm_par_i_s_default trmm_main.c trmm_ref.c trmm_par_i_s_default.c
+ ./trmm_par_i_s_default
+ tee -a -a trmm_static.grn056.433680.log
Matrix Size = 1024; NTrials=10
Reference sequential code performance in GFLOPS Min: 0.61; Max: 0.66
Max Threads (from omp_get_max_threads) = 128
Performance (Best & Worst) of parallelized version: GFLOPS on 1/2/4/8/16/32/64/127/128 threads
Best Performance (GFLOPS): 0.66 0.80 1.48 2.23 3.01 8.69 16.35 26.14 28.75 
Worst Performance (GFLOPS): 0.64 0.80 1.23 2.06 2.51 4.22 12.65 22.98 28.50 
+ echo ' '
+ tee -a trmm_static.grn056.433680.log
 
+ echo 'Compiling and executing trmm_par_i_s4'
+ tee -a trmm_static.grn056.433680.log
Compiling and executing trmm_par_i_s4
+ cc -O3 -fopenmp -o trmm_par_i_s4 trmm_main.c trmm_ref.c trmm_par_i_s4.c
+ ./trmm_par_i_s4
+ tee -a -a trmm_static.grn056.433680.log
Matrix Size = 1024; NTrials=10
Reference sequential code performance in GFLOPS Min: 0.62; Max: 0.67
Max Threads (from omp_get_max_threads) = 128
Performance (Best & Worst) of parallelized version: GFLOPS on 1/2/4/8/16/32/64/127/128 threads
Best Performance (GFLOPS): 0.81 1.46 2.32 3.75 12.53 22.50 36.41 39.72 39.82 
Worst Performance (GFLOPS): 0.66 1.36 1.92 3.62 6.05 11.31 21.11 31.93 39.19 
+ echo ' '
+ tee -a trmm_static.grn056.433680.log
 
+ echo 'Compiling and executing trmm_par_i_s1'
+ tee -a trmm_static.grn056.433680.log
Compiling and executing trmm_par_i_s1
+ cc -O3 -fopenmp -o trmm_par_i_s1 trmm_main.c trmm_ref.c trmm_par_i_s1.c
+ ./trmm_par_i_s1
+ tee -a -a trmm_static.grn056.433680.log
Matrix Size = 1024; NTrials=10
Reference sequential code performance in GFLOPS Min: 0.61; Max: 0.66
Max Threads (from omp_get_max_threads) = 128
Performance (Best & Worst) of parallelized version: GFLOPS on 1/2/4/8/16/32/64/127/128 threads
Best Performance (GFLOPS): 0.66 1.41 2.46 3.79 13.36 25.88 43.28 53.97 52.45 
Worst Performance (GFLOPS): 0.66 1.35 1.92 3.68 6.22 10.86 20.47 38.66 49.81 
