+ '[' -z '' ']'
+ case "$-" in
+ __lmod_vx=x
+ '[' -n x ']'
+ set +x
Shell debugging temporarily silenced: export LMOD_SH_DBG_ON=1 for this output (/uufs/chpc.utah.edu/sys/installdir/lmod/8.6-r8/init/bash)
Shell debugging restarted
+ unset __lmod_vx
+ export OUTFILE=trmm_par_ijk.grn053.433587.log
+ OUTFILE=trmm_par_ijk.grn053.433587.log
+ tee -a trmm_par_ijk.grn053.433587.log
+ echo '*** Assigned Granite Node: ' grn053
*** Assigned Granite Node:  grn053
+ echo ' '
+ tee -a trmm_par_ijk.grn053.433587.log
 
+ echo 'Compiling and executing trmm_par_i'
+ tee -a trmm_par_ijk.grn053.433587.log
Compiling and executing trmm_par_i
+ cc -O3 -fopenmp -o trmm_par_i trmm_main.c trmm_ref.c trmm_par_i.c
+ ./trmm_par_i
+ tee -a -a trmm_par_ijk.grn053.433587.log
Matrix Size = 1024; NTrials=10
Reference sequential code performance in GFLOPS Min: 0.49; Max: 0.52
Max Threads (from omp_get_max_threads) = 128
Performance (Best & Worst) of parallelized version: GFLOPS on 1/2/4/8/16/32/64/127/128 threads
Best Performance (GFLOPS): 0.77 0.94 1.42 2.26 3.04 6.79 16.09 25.94 28.56 
Worst Performance (GFLOPS): 0.49 0.94 1.41 2.13 2.56 4.11 10.98 22.44 13.79 
+ echo ' '
+ tee -a trmm_par_ijk.grn053.433587.log
 
+ echo 'Compiling and executing trmm_par_j'
+ tee -a trmm_par_ijk.grn053.433587.log
Compiling and executing trmm_par_j
+ cc -O3 -fopenmp -o trmm_par_j trmm_main.c trmm_ref.c trmm_par_j.c
+ ./trmm_par_j
+ tee -a -a trmm_par_ijk.grn053.433587.log
Matrix Size = 1024; NTrials=10
Reference sequential code performance in GFLOPS Min: 0.71; Max: 0.81
Max Threads (from omp_get_max_threads) = 128
Performance (Best & Worst) of parallelized version: GFLOPS on 1/2/4/8/16/32/64/127/128 threads
Best Performance (GFLOPS): 0.78 0.94 1.12 2.47 4.88 8.86 16.53 22.72 22.74 
Worst Performance (GFLOPS): 0.78 0.71 0.97 1.83 2.79 4.43 7.47 19.93 22.32 
+ echo ' '
+ tee -a trmm_par_ijk.grn053.433587.log
 
+ echo 'Compiling and executing trmm_par_k'
+ tee -a trmm_par_ijk.grn053.433587.log
Compiling and executing trmm_par_k
+ cc -O3 -fopenmp -o trmm_par_k trmm_main.c trmm_ref.c trmm_par_k.c
+ ./trmm_par_k
+ tee -a -a trmm_par_ijk.grn053.433587.log
Matrix Size = 1024; NTrials=10
Reference sequential code performance in GFLOPS Min: 0.60; Max: 0.65
Max Threads (from omp_get_max_threads) = 128
Error when executing on 2 threads; 445352 Differences found over threshold 0.000000; Max Diff = 1968701312.000000
