*** Assigned Granite Node:  grn054
 
Compiling and executing vec1
Matrix Size = 16384; NTrials=5
Performance (GFLOPS) for stmt 'w[i] = w[i]+1': Min: 3.21; Max: 3.26
Performance (GFLOPS) for stmt 'w[i] = w[i+1]+1': Min: 3.21; Max: 3.23
Performance (GFLOPS) for stmt 'w[i] = w[i-1]+1': Min: 0.39; Max: 0.40
 
Compiling and executing vec2
Matrix Size = 16384; NTrials=5
Reference code performance in GFLOPS Min: 0.11; Max: 0.14
Optimized code performance in GFLOPS Min: 4.94; Max: 4.97
 
Compiling and executing vec3
Matrix Size = 16384; NTrials=5
Reference code performance in GFLOPS Min: 0.57; Max: 0.59
Optimized code performance in GFLOPS Min: 2.40; Max: 2.43
 
Compiling and executing vec4
Matrix Size = 16384; NTrials=5
Reference code performance in GFLOPS Min: 0.58; Max: 0.59
Optimized code performance in GFLOPS Min: 0.58; Max: 0.60
 
Compiling and executing vec5
Matrix Size = 256; NTrials=5 
Reference sequential code performance in GFLOPS Min: 0.50; Max: 0.64
Worst/Best Performance of Optimized Version (GFLOPS): 19.59/20.02
