+ '[' -z '' ']'
+ case "$-" in
+ __lmod_vx=x
+ '[' -n x ']'
+ set +x
Shell debugging temporarily silenced: export LMOD_SH_DBG_ON=1 for this output (/uufs/chpc.utah.edu/sys/installdir/lmod/8.6-r8/init/bash)
Shell debugging restarted
+ unset __lmod_vx
+ export OUTFILE=trmm_per.grn058.443312.log
+ OUTFILE=trmm_per.grn058.443312.log
+ tee -a trmm_per.grn058.443312.log
+ echo '*** Assigned Granite Node: ' grn058
*** Assigned Granite Node:  grn058
+ echo ' '
+ tee -a trmm_per.grn058.443312.log
 
+ echo 'Compiling and executing trmm_permuted'
+ tee -a trmm_per.grn058.443312.log
Compiling and executing trmm_permuted
+ cc -O3 -fopenmp -o trmm_permuted trmm_main.c trmm_ref.c trmm_permuted.c
+ ./trmm_permuted
+ tee -a -a trmm_per.grn058.443312.log
Matrix Size = 1024; NTrials=10
Reference sequential code performance in GFLOPS Min: 0.47; Max: 0.81
Max Threads (from omp_get_max_threads) = 128
Performance (Best & Worst) of parallelized version: GFLOPS on 1/2/4/8/16/32/64/127/128 threads
Best Performance (GFLOPS): 9.63 17.65 31.31 53.45 93.83 155.90 267.59 333.33 363.32 
Worst Performance (GFLOPS): 9.53 12.38 23.68 43.99 75.67 120.26 155.08 117.06 307.34 
