+ '[' -z '' ']'
+ case "$-" in
+ __lmod_vx=x
+ '[' -n x ']'
+ set +x
Shell debugging temporarily silenced: export LMOD_SH_DBG_ON=1 for this output (/uufs/chpc.utah.edu/sys/installdir/lmod/8.6-r8/init/bash)
Shell debugging restarted
+ unset __lmod_vx
+ export OUTFILE=mm_per.grn058.450948.log
+ OUTFILE=mm_per.grn058.450948.log
+ tee -a mm_per.grn058.450948.log
+ echo '*** Assigned Granite Node: ' grn058
*** Assigned Granite Node:  grn058
+ echo ' '
+ tee -a mm_per.grn058.450948.log
 
+ echo 'Compiling and executing mm_par_i2k2'
+ tee -a mm_per.grn058.450948.log
Compiling and executing mm_par_i2k2
+ cc -O3 -fopenmp -o mm_par_i2k2 mm_main.c mm_ref.c mm_par_i2k2.c
+ ./mm_par_i2k2
+ tee -a -a mm_per.grn058.450948.log
Matrix Size = 1152; NTrials=10
Reference sequential code performance in GFLOPS Min: 1.52; Max: 1.74
Max Threads (from omp_get_max_threads) = 128
Performance (Best & Worst) of parallelized version: GFLOPS on 1/2/4/8/16/32/64/127/128 threads
Best Performance (GFLOPS): 2.23 4.43 5.34 19.39 38.76 63.13 94.06 131.70 159.97 
Worst Performance (GFLOPS): 2.18 3.07 4.86 8.72 15.42 29.31 53.34 71.22 131.62 
