+ '[' -z '' ']'
+ case "$-" in
+ __lmod_vx=x
+ '[' -n x ']'
+ set +x
Shell debugging temporarily silenced: export LMOD_SH_DBG_ON=1 for this output (/uufs/chpc.utah.edu/sys/installdir/lmod/8.6-r8/init/bash)
Shell debugging restarted
+ unset __lmod_vx
+ export OUTPUT_FILE=/uufs/chpc.utah.edu/common/home/u1591673/CS6230/PA0/lp130.8161546.pa0.output
+ OUTPUT_FILE=/uufs/chpc.utah.edu/common/home/u1591673/CS6230/PA0/lp130.8161546.pa0.output
+ tee /uufs/chpc.utah.edu/common/home/u1591673/CS6230/PA0/lp130.8161546.pa0.output
+ echo '*** Assigned Node: ' lp130
*** Assigned Node:  lp130
+ lscpu
+ tee -a /uufs/chpc.utah.edu/common/home/u1591673/CS6230/PA0/lp130.8161546.pa0.output
Architecture:        x86_64
CPU op-mode(s):      32-bit, 64-bit
Byte Order:          Little Endian
CPU(s):              40
On-line CPU(s) list: 0-39
Thread(s) per core:  2
Core(s) per socket:  10
Socket(s):           2
NUMA node(s):        2
Vendor ID:           GenuineIntel
CPU family:          6
Model:               79
Model name:          Intel(R) Xeon(R) CPU E5-2640 v4 @ 2.40GHz
Stepping:            1
CPU MHz:             3400.000
CPU max MHz:         3400.0000
CPU min MHz:         1200.0000
BogoMIPS:            4800.02
L1d cache:           32K
L1i cache:           32K
L2 cache:            256K
L3 cache:            25600K
NUMA node0 CPU(s):   0-9,20-29
NUMA node1 CPU(s):   10-19,30-39
Flags:               fpu vme de pse tsc msr pae mce cx8 apic sep mtrr pge mca cmov pat pse36 clflush dts acpi mmx fxsr sse sse2 ss ht tm pbe syscall nx pdpe1gb rdtscp lm constant_tsc arch_perfmon pebs bts rep_good nopl xtopology nonstop_tsc cpuid aperfmperf pni pclmulqdq dtes64 monitor ds_cpl smx est tm2 ssse3 sdbg fma cx16 xtpr pdcm pcid dca sse4_1 sse4_2 x2apic movbe popcnt xsave avx f16c rdrand lahf_lm abm 3dnowprefetch cpuid_fault epb cat_l3 cdp_l3 invpcid_single pti intel_ppin fsgsbase tsc_adjust bmi1 hle avx2 smep bmi2 erms invpcid rtm cqm rdt_a rdseed adx smap intel_pt xsaveopt cqm_llc cqm_occup_llc cqm_mbm_total cqm_mbm_local dtherm ida arat pln pts
+ export JOB_TEMP_DIR=/scratch/local/u1591673/8161546
+ JOB_TEMP_DIR=/scratch/local/u1591673/8161546
+ mkdir -p /scratch/local/u1591673/8161546
+ cd /scratch/local/u1591673/8161546
+ cp /uufs/chpc.utah.edu/common/home/u1591673/CS6230/PA0/e1.c /uufs/chpc.utah.edu/common/home/u1591673/CS6230/PA0/e2.c /uufs/chpc.utah.edu/common/home/u1591673/CS6230/PA0/inc-big.c /uufs/chpc.utah.edu/common/home/u1591673/CS6230/PA0/inc.c .
+ echo ''
+ tee -a /uufs/chpc.utah.edu/common/home/u1591673/CS6230/PA0/lp130.8161546.pa0.output

+ echo 'Compiling and Running e1.c 3 times'
+ tee -a /uufs/chpc.utah.edu/common/home/u1591673/CS6230/PA0/lp130.8161546.pa0.output
Compiling and Running e1.c 3 times
+ cc -O3 -o e1 e1.c
+ ./e1
+ tee -a /uufs/chpc.utah.edu/common/home/u1591673/CS6230/PA0/lp130.8161546.pa0.output
Time, Performance for 2*100000000 multiplications is 0.23 Seconds, 0.86 GFLOPs
+ ./e1
+ tee -a /uufs/chpc.utah.edu/common/home/u1591673/CS6230/PA0/lp130.8161546.pa0.output
Time, Performance for 2*100000000 multiplications is 0.23 Seconds, 0.86 GFLOPs
+ ./e1
+ tee -a /uufs/chpc.utah.edu/common/home/u1591673/CS6230/PA0/lp130.8161546.pa0.output
Time, Performance for 2*100000000 multiplications is 0.23 Seconds, 0.86 GFLOPs
+ echo ''
+ tee -a /uufs/chpc.utah.edu/common/home/u1591673/CS6230/PA0/lp130.8161546.pa0.output

+ echo 'Compiling and Running e2.c 3 times'
+ tee -a /uufs/chpc.utah.edu/common/home/u1591673/CS6230/PA0/lp130.8161546.pa0.output
Compiling and Running e2.c 3 times
+ cc -O3 -o e2 e2.c
+ ./e2
+ tee -a /uufs/chpc.utah.edu/common/home/u1591673/CS6230/PA0/lp130.8161546.pa0.output
Time, Performance for 4*100000000 multiplications is 0.12 Seconds, 3.45 GFLOPs
+ ./e2
+ tee -a /uufs/chpc.utah.edu/common/home/u1591673/CS6230/PA0/lp130.8161546.pa0.output
Time, Performance for 4*100000000 multiplications is 0.12 Seconds, 3.46 GFLOPs
+ ./e2
+ tee -a /uufs/chpc.utah.edu/common/home/u1591673/CS6230/PA0/lp130.8161546.pa0.output
Time, Performance for 4*100000000 multiplications is 0.12 Seconds, 3.45 GFLOPs
+ echo ''
+ tee -a /uufs/chpc.utah.edu/common/home/u1591673/CS6230/PA0/lp130.8161546.pa0.output

+ echo 'Compiling and Running inc.c 3 times'
+ tee -a /uufs/chpc.utah.edu/common/home/u1591673/CS6230/PA0/lp130.8161546.pa0.output
Compiling and Running inc.c 3 times
+ cc -O3 -o inc inc.c
+ ./inc
+ tee -a /uufs/chpc.utah.edu/common/home/u1591673/CS6230/PA0/lp130.8161546.pa0.output
Matrix Dimension: 32, Repeats: 262144; Time=0.06, GFLOPS= 4.78
+ ./inc
+ tee -a /uufs/chpc.utah.edu/common/home/u1591673/CS6230/PA0/lp130.8161546.pa0.output
Matrix Dimension: 32, Repeats: 262144; Time=0.06, GFLOPS= 4.78
+ ./inc
+ tee -a /uufs/chpc.utah.edu/common/home/u1591673/CS6230/PA0/lp130.8161546.pa0.output
Matrix Dimension: 32, Repeats: 262144; Time=0.06, GFLOPS= 4.78
+ echo ''
+ tee -a /uufs/chpc.utah.edu/common/home/u1591673/CS6230/PA0/lp130.8161546.pa0.output

+ echo 'Compiling and Running inc-big.c 3 times'
+ tee -a /uufs/chpc.utah.edu/common/home/u1591673/CS6230/PA0/lp130.8161546.pa0.output
Compiling and Running inc-big.c 3 times
+ cc -O3 -o inc-big inc-big.c
+ ./inc-big
+ tee -a /uufs/chpc.utah.edu/common/home/u1591673/CS6230/PA0/lp130.8161546.pa0.output
Matrix Dimension: 8192, Repeats: 4; Time=1.37, GFLOPS= 0.20
+ ./inc-big
+ tee -a /uufs/chpc.utah.edu/common/home/u1591673/CS6230/PA0/lp130.8161546.pa0.output
Matrix Dimension: 8192, Repeats: 4; Time=1.36, GFLOPS= 0.20
+ ./inc-big
+ tee -a /uufs/chpc.utah.edu/common/home/u1591673/CS6230/PA0/lp130.8161546.pa0.output
Matrix Dimension: 8192, Repeats: 4; Time=1.36, GFLOPS= 0.20
